Command: /home/lorenzo9/Documents/ChipForge/fib/sim/sim/./top_tb -l simulation.log
Chronologic VCS simulator copyright 1991-2024
Contains Synopsys proprietary information.
Compiler version W-2024.09_Full64; Runtime version W-2024.09_Full64;  Feb 24 17:12 2025
Time: 0 | fib_out: x
Time: 2 | fib_out: 1
Time: 10 | fib_out: 2
Time: 14 | fib_out: 3
Time: 18 | fib_out: 5
Time: 22 | fib_out: 8
Time: 26 | fib_out: 13
Time: 30 | fib_out: 21
Time: 34 | fib_out: 34
Time: 38 | fib_out: 55
Time: 42 | fib_out: 89
Time: 46 | fib_out: 144
Time: 50 | fib_out: 233
Time: 54 | fib_out: 377
Time: 58 | fib_out: 610
Time: 62 | fib_out: 987
Time: 66 | fib_out: 1597
Time: 70 | fib_out: 2584
Time: 74 | fib_out: 4181
Time: 78 | fib_out: 6765
Time: 82 | fib_out: 10946
Time: 86 | fib_out: 17711
Time: 90 | fib_out: 28657
Time: 94 | fib_out: 46368
Time: 98 | fib_out: 75025
Time: 102 | fib_out: 121393
Time: 106 | fib_out: 196418
Time: 110 | fib_out: 317811
Time: 114 | fib_out: 514229
Time: 118 | fib_out: 832040
Time: 122 | fib_out: 1346269
Time: 126 | fib_out: 2178309
Time: 130 | fib_out: 3524578
Time: 134 | fib_out: 5702887
Time: 138 | fib_out: 9227465
Time: 142 | fib_out: 14930352
Time: 146 | fib_out: 24157817
Time: 150 | fib_out: 39088169
Time: 154 | fib_out: 63245986
Time: 158 | fib_out: 102334155
Time: 162 | fib_out: 165580141
Time: 166 | fib_out: 267914296
Time: 170 | fib_out: 433494437
Time: 174 | fib_out: 701408733
Time: 178 | fib_out: 1134903170
Time: 182 | fib_out: 1836311903
Time: 186 | fib_out: 2971215073
Time: 190 | fib_out: 4807526976
Time: 194 | fib_out: 7778742049
Time: 198 | fib_out: 12586269025
Time: 202 | fib_out: 20365011074
Time: 206 | fib_out: 32951280099
Time: 210 | fib_out: 53316291173
Time: 214 | fib_out: 86267571272
Time: 218 | fib_out: 139583862445
Time: 222 | fib_out: 225851433717
Time: 226 | fib_out: 365435296162
Time: 230 | fib_out: 591286729879
Time: 234 | fib_out: 956722026041
Time: 238 | fib_out: 1548008755920
Time: 242 | fib_out: 2504730781961
Time: 246 | fib_out: 4052739537881
Time: 250 | fib_out: 6557470319842
Time: 254 | fib_out: 10610209857723
Time: 258 | fib_out: 17167680177565
Time: 262 | fib_out: 27777890035288
Time: 266 | fib_out: 44945570212853
Time: 270 | fib_out: 72723460248141
Time: 274 | fib_out: 117669030460994
Time: 278 | fib_out: 190392490709135
Time: 282 | fib_out: 308061521170129
Time: 286 | fib_out: 498454011879264
Time: 290 | fib_out: 806515533049393
Time: 294 | fib_out: 1304969544928657
Time: 298 | fib_out: 2111485077978050
Time: 302 | fib_out: 3416454622906707
Time: 306 | fib_out: 5527939700884757
Time: 310 | fib_out: 8944394323791464
Time: 314 | fib_out: 14472334024676221
Time: 318 | fib_out: 23416728348467685
Time: 322 | fib_out: 37889062373143906
Time: 326 | fib_out: 61305790721611591
Time: 330 | fib_out: 99194853094755497
Time: 334 | fib_out: 160500643816367088
Time: 338 | fib_out: 259695496911122585
Time: 342 | fib_out: 420196140727489673
Time: 346 | fib_out: 679891637638612258
Time: 350 | fib_out: 1100087778366101931
Time: 354 | fib_out: 1779979416004714189
Time: 358 | fib_out: 2880067194370816120
Time: 362 | fib_out: 4660046610375530309
Time: 366 | fib_out: 7540113804746346429
Time: 370 | fib_out: 12200160415121876738
Time: 374 | fib_out: 19740274219868223167
Time: 378 | fib_out: 31940434634990099905
Time: 382 | fib_out: 51680708854858323072
Time: 386 | fib_out: 83621143489848422977
Time: 390 | fib_out: 135301852344706746049
Time: 394 | fib_out: 218922995834555169026
Time: 398 | fib_out: 354224848179261915075
Time: 402 | fib_out: 573147844013817084101
Time: 406 | fib_out: 927372692193078999176
Time: 410 | fib_out: 1500520536206896083277
Time: 414 | fib_out: 2427893228399975082453
Time: 418 | fib_out: 3928413764606871165730
Time: 422 | fib_out: 6356306993006846248183
Time: 426 | fib_out: 10284720757613717413913
Time: 430 | fib_out: 16641027750620563662096
Time: 434 | fib_out: 26925748508234281076009
Time: 438 | fib_out: 43566776258854844738105
Time: 442 | fib_out: 70492524767089125814114
Time: 446 | fib_out: 114059301025943970552219
Time: 450 | fib_out: 184551825793033096366333
Time: 454 | fib_out: 298611126818977066918552
Time: 458 | fib_out: 483162952612010163284885
Time: 462 | fib_out: 781774079430987230203437
Time: 466 | fib_out: 1264937032042997393488322
Time: 470 | fib_out: 2046711111473984623691759
Time: 474 | fib_out: 3311648143516982017180081
Time: 478 | fib_out: 5358359254990966640871840
Time: 482 | fib_out: 8670007398507948658051921
Time: 486 | fib_out: 14028366653498915298923761
Time: 490 | fib_out: 22698374052006863956975682
Time: 494 | fib_out: 36726740705505779255899443
Time: 498 | fib_out: 59425114757512643212875125
Time: 502 | fib_out: 96151855463018422468774568
Time: 506 | fib_out: 155576970220531065681649693
Time: 510 | fib_out: 251728825683549488150424261
Time: 514 | fib_out: 407305795904080553832073954
Time: 518 | fib_out: 659034621587630041982498215
Time: 522 | fib_out: 1066340417491710595814572169
Time: 526 | fib_out: 1725375039079340637797070384
Time: 530 | fib_out: 2791715456571051233611642553
Time: 534 | fib_out: 4517090495650391871408712937
Time: 538 | fib_out: 7308805952221443105020355490
Time: 542 | fib_out: 11825896447871834976429068427
Time: 546 | fib_out: 19134702400093278081449423917
Time: 550 | fib_out: 30960598847965113057878492344
Time: 554 | fib_out: 50095301248058391139327916261
Time: 558 | fib_out: 81055900096023504197206408605
Time: 562 | fib_out: 131151201344081895336534324866
Time: 566 | fib_out: 212207101440105399533740733471
Time: 570 | fib_out: 343358302784187294870275058337
Time: 574 | fib_out: 555565404224292694404015791808
Time: 578 | fib_out: 898923707008479989274290850145
Time: 582 | fib_out: 1454489111232772683678306641953
Time: 586 | fib_out: 2353412818241252672952597492098
Time: 590 | fib_out: 3807901929474025356630904134051
Time: 594 | fib_out: 6161314747715278029583501626149
Time: 598 | fib_out: 9969216677189303386214405760200
Time: 602 | fib_out: 16130531424904581415797907386349
Time: 606 | fib_out: 26099748102093884802012313146549
Time: 610 | fib_out: 42230279526998466217810220532898
Time: 614 | fib_out: 68330027629092351019822533679447
Time: 618 | fib_out: 110560307156090817237632754212345
Time: 622 | fib_out: 178890334785183168257455287891792
Time: 626 | fib_out: 289450641941273985495088042104137
Time: 630 | fib_out: 468340976726457153752543329995929
Time: 634 | fib_out: 757791618667731139247631372100066
Time: 638 | fib_out: 1226132595394188293000174702095995
Time: 642 | fib_out: 1983924214061919432247806074196061
Time: 646 | fib_out: 3210056809456107725247980776292056
Time: 650 | fib_out: 5193981023518027157495786850488117
Time: 654 | fib_out: 8404037832974134882743767626780173
Time: 658 | fib_out: 13598018856492162040239554477268290
Time: 662 | fib_out: 22002056689466296922983322104048463
Time: 666 | fib_out: 35600075545958458963222876581316753
Time: 670 | fib_out: 57602132235424755886206198685365216
Time: 674 | fib_out: 93202207781383214849429075266681969
Time: 678 | fib_out: 150804340016807970735635273952047185
Time: 682 | fib_out: 244006547798191185585064349218729154
Time: 686 | fib_out: 394810887814999156320699623170776339
Time: 690 | fib_out: 638817435613190341905763972389505493
Time: 694 | fib_out: 1033628323428189498226463595560281832
Time: 698 | fib_out: 1672445759041379840132227567949787325
Time: 702 | fib_out: 2706074082469569338358691163510069157
Time: 706 | fib_out: 4378519841510949178490918731459856482
Time: 710 | fib_out: 7084593923980518516849609894969925639
Time: 714 | fib_out: 11463113765491467695340528626429782121
Time: 718 | fib_out: 18547707689471986212190138521399707760
Time: 722 | fib_out: 30010821454963453907530667147829489881
Time: 726 | fib_out: 48558529144435440119720805669229197641
Time: 730 | fib_out: 78569350599398894027251472817058687522
Time: 734 | fib_out: 127127879743834334146972278486287885163
Time: 738 | fib_out: 205697230343233228174223751303346572685
Time: 742 | fib_out: 332825110087067562321196029789634457848
Time: 746 | fib_out: 198239973509362327032045173661212819077
Time: 750 | fib_out: 190782716675491425889866596019079065469
Time: 754 | fib_out: 48740323263915289458537162248523673090
Time: 758 | fib_out: 239523039939406715348403758267602738559
Time: 762 | fib_out: 288263363203322004806940920516126411649
Time: 766 | fib_out: 187504036221790256691970071351960938752
Time: 770 | fib_out: 135485032504173798035536384436319138945
Time: 774 | fib_out: 322989068725964054727506455788280077697
Time: 778 | fib_out: 118191734309199389299668232792831005186
Time: 782 | fib_out: 100898436114224980563800081149342871427
Time: 786 | fib_out: 219090170423424369863468313942173876613
Time: 790 | fib_out: 319988606537649350427268395091516748040
Time: 794 | fib_out: 198796410040135256827362101601922413197
Time: 798 | fib_out: 178502649656846143791255889261670949781
Time: 802 | fib_out: 37016692776042937155243383431825151522
Time: 806 | fib_out: 215519342432889080946499272693496101303
Time: 810 | fib_out: 252536035208932018101742656125321252825
Time: 814 | fib_out: 127773010720882635584867321387049142672
Time: 818 | fib_out: 40026679008876190223235370080602184041
Time: 822 | fib_out: 167799689729758825808102691467651326713
Time: 826 | fib_out: 207826368738635016031338061548253510754
Time: 830 | fib_out: 35343691547455378376066145584136626011
Time: 834 | fib_out: 243170060286090394407404207132390136765
Time: 838 | fib_out: 278513751833545772783470352716526762776
Time: 842 | fib_out: 181401445198697703727499952417148688085
Time: 846 | fib_out: 119632830111305013047595697701907239405
Time: 850 | fib_out: 301034275310002716775095650119055927490
Time: 854 | fib_out: 80384738500369266359316740389194955439
Time: 858 | fib_out: 41136646889433519671037783076482671473
Time: 862 | fib_out: 121521385389802786030354523465677626912
Time: 866 | fib_out: 162658032279236305701392306542160298385
Time: 870 | fib_out: 284179417669039091731746830007837925297
Time: 874 | fib_out: 106555083027336933969764529118230012226
Time: 878 | fib_out: 50452133775437562238136751694299726067
Time: 882 | fib_out: 157007216802774496207901280812529738293
Time: 886 | fib_out: 207459350578212058446038032506829464360
Time: 890 | fib_out: 24184200460048091190564705887590991197
Time: 894 | fib_out: 231643551038260149636602738394420455557
Time: 898 | fib_out: 255827751498308240827167444282011446754
Time: 902 | fib_out: 147188935615629927000395575244663690855
Time: 906 | fib_out: 62734320192999704364188412094906926153
Time: 910 | fib_out: 209923255808629631364583987339570617008
Time: 914 | fib_out: 272657576001629335728772399434477543161
Time: 918 | fib_out: 142298464889320503629981779342279948713
Time: 922 | fib_out: 74673673970011375895379571344989280418
Time: 926 | fib_out: 216972138859331879525361350687269229131
Time: 930 | fib_out: 291645812829343255420740922032258509549
Time: 934 | fib_out: 168335584767736671482727665287759527224
Time: 938 | fib_out: 119699030676141463440093979888249825317
Time: 942 | fib_out: 288034615443878134922821645176009352541
Time: 946 | fib_out: 67451279199081134899541017632490966402
Time: 950 | fib_out: 15203527722020806358988055376732107487
Time: 954 | fib_out: 82654806921101941258529073009223073889
Time: 958 | fib_out: 97858334643122747617517128385955181376
Time: 962 | fib_out: 180513141564224688876046201395178255265
Time: 966 | fib_out: 278371476207347436493563329781133436641
Time: 970 | fib_out: 118602250850633661906234923744543480450
Time: 974 | fib_out: 56691360137042634936423646093908705635
Time: 978 | fib_out: 175293610987676296842658569838452186085
Time: 982 | fib_out: 231984971124718931779082215932360891720
Time: 986 | fib_out: 66996215191456765158366178339044866349
Time: 990 | fib_out: 298981186316175696937448394271405758069
Time: 994 | fib_out: 25695034586693998632439965178682412962
Time: 998 | fib_out: 324676220902869695569888359450088171031
Time: 1002 | fib_out: 10088888568625230738953717197002372537
Time: 1006 | fib_out: 334765109471494926308842076647090543568
Time: 1010 | fib_out: 4571631119181693584421186412324704649
Time: 1014 | fib_out: 339336740590676619893263263059415248217
Time: 1018 | fib_out: 3626004788919850014309842039971741410
Time: 1022 | fib_out: 2680378458658006444198497667618778171
Time: 1026 | fib_out: 6306383247577856458508339707590519581
Time: 1030 | fib_out: 8986761706235862902706837375209297752
Time: 1034 | fib_out: 15293144953813719361215177082799817333
Time: 1038 | fib_out: 24279906660049582263922014458009115085
Time: 1042 | fib_out: 39573051613863301625137191540808932418
Time: 1046 | fib_out: 63852958273912883889059205998818047503
Time: 1050 | fib_out: 103426009887776185514196397539626979921
Time: 1054 | fib_out: 167278968161689069403255603538445027424
Time: 1058 | fib_out: 270704978049465254917452001078072007345
Time: 1062 | fib_out: 97701579290215860857332997184748823313
Time: 1066 | fib_out: 28124190418742652311410390831052619202
Time: 1070 | fib_out: 125825769708958513168743388015801442515
Time: 1074 | fib_out: 153949960127701165480153778846854061717
Time: 1078 | fib_out: 279775729836659678648897166862655504232
Time: 1082 | fib_out: 93443323043422380665676338277741354493
Time: 1086 | fib_out: 32936685959143595851198897708628647269
Time: 1090 | fib_out: 126380009002565976516875235986370001762
Time: 1094 | fib_out: 159316694961709572368074133694998649031
Time: 1098 | fib_out: 285696703964275548884949369681368650793
Time: 1102 | fib_out: 104731032005046657789648895944599088368
Time: 1106 | fib_out: 50145369048383743211223658194199527705
Time: 1110 | fib_out: 154876401053430401000872554138798616073
Time: 1114 | fib_out: 205021770101814144212096212332998143778
Time: 1118 | fib_out: 19615804234306081749594159040028548395
Time: 1122 | fib_out: 224637574336120225961690371373026692173
Time: 1126 | fib_out: 244253378570426307711284530413055240568
Time: 1130 | fib_out: 128608585985608070209600294354313721285
Time: 1134 | fib_out: 32579597635095914457510217335600750397
Time: 1138 | fib_out: 161188183620703984667110511689914471682
Time: 1142 | fib_out: 193767781255799899124620729025515222079
Time: 1146 | fib_out: 14673597955565420328356633283661482305
Time: 1150 | fib_out: 208441379211365319452977362309176704384
Time: 1154 | fib_out: 223114977166930739781333995592838186689
Time: 1158 | fib_out: 91273989457357595770936750470246679617
Time: 1162 | fib_out: 314388966624288335552270746063084866306
Time: 1166 | fib_out: 65380589160707467859832889101563334467
Time: 1170 | fib_out: 39487188864057339948729027732879989317
Time: 1174 | fib_out: 104867778024764807808561916834443323784
Time: 1178 | fib_out: 144354966888822147757290944567323313101
Time: 1182 | fib_out: 249222744913586955565852861401766636885
Time: 1186 | fib_out: 53295344881470639859769198537321738530
Time: 1190 | fib_out: 302518089795057595425622059939088375415
Time: 1194 | fib_out: 15531067755589771822016651044641902489
Time: 1198 | fib_out: 318049157550647367247638710983730277904
Time: 1202 | fib_out: 333580225306237139069655362028372180393
Time: 1206 | fib_out: 311347015935946042853919465580334246841
Time: 1210 | fib_out: 304644874321244718460200220176938215778
Time: 1214 | fib_out: 275709523336252297850745078325504251163
Time: 1218 | fib_out: 240072030736558552847570691070674255485
Time: 1222 | fib_out: 175499187151872387234941161964410295192
Time: 1226 | fib_out: 75288850967492476619137245603316339221
Time: 1230 | fib_out: 250788038119364863854078407567726634413
Time: 1234 | fib_out: 326076889086857340473215653171042973634
Time: 1238 | fib_out: 236582560285283740863919453307001396591
Time: 1242 | fib_out: 222377082451202617873760499046276158769
Time: 1246 | fib_out: 118677275815547895274305344921509343904
Time: 1250 | fib_out: 771991345812049684691236536017291217
Time: 1254 | fib_out: 119449267161359944958996581457526635121
Time: 1258 | fib_out: 120221258507171994643687817993543926338
Time: 1262 | fib_out: 239670525668531939602684399451070561459
Time: 1266 | fib_out: 19609417254765470782997610012846276341
Time: 1270 | fib_out: 259279942923297410385682009463916837800
Time: 1274 | fib_out: 278889360178062881168679619476763114141
Time: 1278 | fib_out: 197886936180421828090987021508911740485
Time: 1282 | fib_out: 136493929437546245796292033553906643170
Time: 1286 | fib_out: 334380865617968073887279055062818383655
Time: 1290 | fib_out: 130592428134575856220196481184956815369
Time: 1294 | fib_out: 124690926831605466644100928816006987568
Time: 1298 | fib_out: 255283354966181322864297410000963802937
Time: 1302 | fib_out: 39691914876848326045023731385202579049
Time: 1306 | fib_out: 294975269843029648909321141386166381986
Time: 1310 | fib_out: 334667184719877974954344872771368961035
Time: 1314 | fib_out: 289360087641969160400291406725767131565
Time: 1318 | fib_out: 283744905440908671891261672065367881144
Time: 1322 | fib_out: 232822626161939368828178471359366801253
Time: 1326 | fib_out: 176285164681909577256065535992966470941
Time: 1330 | fib_out: 68825423922910482620869399920565060738
Time: 1334 | fib_out: 245110588604820059876934935913531531679
Time: 1338 | fib_out: 313936012527730542497804335834096592417
Time: 1342 | fib_out: 218764234211612138911364664315859912640
Time: 1346 | fib_out: 192417879818404217945794392718188293601
Time: 1350 | fib_out: 70899747109077893393784449602279994785
Time: 1354 | fib_out: 263317626927482111339578842320468288386
Time: 1358 | fib_out: 334217374036560004733363291922748283171
Time: 1362 | fib_out: 257252634043103652609567526811448360101
Time: 1366 | fib_out: 251187641158725193879556211302428431816
Time: 1370 | fib_out: 168157908280890383025749130682108580461
Time: 1374 | fib_out: 79063182518677113441930734552768800821
Time: 1378 | fib_out: 247221090799567496467679865234877381282
Time: 1382 | fib_out: 326284273318244609909610599787646182103
Time: 1386 | fib_out: 233222997196873642913915857590755351929
Time: 1390 | fib_out: 219224903594179789360151849946633322576
Time: 1394 | fib_out: 112165533870114968810693100105620463049
Time: 1398 | fib_out: 331390437464294758170844950052253785625
Time: 1402 | fib_out: 103273604413471263518163442726106037218
Time: 1406 | fib_out: 94381674956827558225633785346591611387
Time: 1410 | fib_out: 197655279370298821743797228072697648605
Time: 1414 | fib_out: 292036954327126379969431013419289259992
Time: 1418 | fib_out: 149409866776486738249853634060218697141
Time: 1422 | fib_out: 101164454182674654755910040047739745677
Time: 1426 | fib_out: 250574320959161393005763674107958442818
Time: 1430 | fib_out: 11456408220897584298299106723929977039
Time: 1434 | fib_out: 262030729180058977304062780831888419857
Time: 1438 | fib_out: 273487137400956561602361887555818396896
Time: 1442 | fib_out: 195235499660077075443050060955938605297
Time: 1446 | fib_out: 128440270140095173582037341079988790737
Time: 1450 | fib_out: 323675769800172249025087402035927396034
Time: 1454 | fib_out: 111833673019328959143750135684147975315
Time: 1458 | fib_out: 95227075898562744705462930288307159893
Time: 1462 | fib_out: 207060748917891703849213065972455135208
Time: 1466 | fib_out: 302287824816454448554675996260762295101
Time: 1470 | fib_out: 169066206813407688940514454801449218853
Time: 1474 | fib_out: 131071664708923674031815843630443302498
Time: 1478 | fib_out: 300137871522331362972330298431892521351
Time: 1482 | fib_out: 90927169310316573540771534630567612393
Time: 1486 | fib_out: 50782673911709473049727225630691922288
Time: 1490 | fib_out: 141709843222026046590498760261259534681
Time: 1494 | fib_out: 192492517133735519640225985891951456969
Time: 1498 | fib_out: 334202360355761566230724746153210991650
Time: 1502 | fib_out: 186412510568558622407576124613394237163
Time: 1506 | fib_out: 180332504003381725174926263334837017357
Time: 1510 | fib_out: 26462647651001884119127780516463043064
Time: 1514 | fib_out: 206795151654383609294054043851300060421
Time: 1518 | fib_out: 233257799305385493413181824367763103485
Time: 1522 | fib_out: 99770584038830639243861260787294952450
Time: 1526 | fib_out: 333028383344216132657043085155058055935
Time: 1530 | fib_out: 92516600462108308437529738510584796929
Time: 1534 | fib_out: 85262616885385977631198216233874641408
Time: 1538 | fib_out: 177779217347494286068727954744459438337
Time: 1542 | fib_out: 263041834232880263699926170978334079745
Time: 1546 | fib_out: 100538684659436086305279518291025306626
Time: 1550 | fib_out: 23298151971377886541831081837591174915
Time: 1554 | fib_out: 123836836630813972847110600128616481541
Time: 1558 | fib_out: 147134988602191859388941681966207656456
Time: 1562 | fib_out: 270971825233005832236052282094824137997
Time: 1566 | fib_out: 77824446914259228161619356629263582997
Time: 1570 | fib_out: 8513905226326596934297031292319509538
Time: 1574 | fib_out: 86338352140585825095916387921583092535
Time: 1578 | fib_out: 94852257366912422030213419213902602073
Time: 1582 | fib_out: 181190609507498247126129807135485694608
Time: 1586 | fib_out: 276042866874410669156343226349388296681
Time: 1590 | fib_out: 116951109460970452819098426053105779833
Time: 1594 | fib_out: 52711609414442658512067044970725865058
Time: 1598 | fib_out: 169662718875413111331165471023831644891
Time: 1602 | fib_out: 222374328289855769843232515994557509949
Time: 1606 | fib_out: 51754680244330417711023379586620943384
Time: 1610 | fib_out: 274129008534186187554255895581178453333
Time: 1614 | fib_out: 325883688778516605265279275167799396717
Time: 1618 | fib_out: 259730330391764329356160563317209638594
Time: 1622 | fib_out: 245331652249342471158065231053240823855
Time: 1626 | fib_out: 164779615720168337050851186938682250993
Time: 1630 | fib_out: 69828901048572344745541810560154863392
Time: 1634 | fib_out: 234608516768740681796392997498837114385
Time: 1638 | fib_out: 304437417817313026541934808058991977777
Time: 1642 | fib_out: 198763567665115244874953198126060880706
Time: 1646 | fib_out: 162918618561489807953513398753284647027
Time: 1650 | fib_out: 21399819305666589365091989447577316277
Time: 1654 | fib_out: 184318437867156397318605388200861963304
Time: 1658 | fib_out: 205718257172822986683697377648439279581
Time: 1662 | fib_out: 49754328119040920538928158417533031429
Time: 1666 | fib_out: 255472585291863907222625536065972311010
Time: 1670 | fib_out: 305226913410904827761553694483505342439
Time: 1674 | fib_out: 220417131781830271520804623117709441993
Time: 1678 | fib_out: 185361678271796635818983710169446572976
Time: 1682 | fib_out: 65496443132688443876413725855387803513
Time: 1686 | fib_out: 250858121404485079695397436024834376489
Time: 1690 | fib_out: 316354564537173523571811161880222180002
Time: 1694 | fib_out: 226930319020720139803833990473288345035
Time: 1698 | fib_out: 203002516636955199912270544921742313581
Time: 1702 | fib_out: 89650468736736876252729927963262447160
Time: 1706 | fib_out: 292652985373692076165000472885004760741
Time: 1710 | fib_out: 42021087189490488954355793416498996445
Time: 1714 | fib_out: 334674072563182565119356266301503757186
Time: 1718 | fib_out: 36412792831734590610337452286234542175
Time: 1722 | fib_out: 30804498473978692266319111155970087905
Time: 1726 | fib_out: 67217291305713282876656563442204630080
Time: 1730 | fib_out: 98021789779691975142975674598174717985
Time: 1734 | fib_out: 165239081085405258019632238040379348065
Time: 1738 | fib_out: 263260870865097233162607912638554066050
Time: 1742 | fib_out: 88217585029564027718865543247165202659
Time: 1746 | fib_out: 11196088973722797418098848453951057253
Time: 1750 | fib_out: 99413674003286825136964391701116259912
Time: 1754 | fib_out: 110609762977009622555063240155067317165
Time: 1758 | fib_out: 210023436980296447692027631856183577077
Time: 1762 | fib_out: 320633199957306070247090872011250894242
Time: 1766 | fib_out: 190374270016664054475743896435666259863
Time: 1770 | fib_out: 170725103053031661259460161015148942649
Time: 1774 | fib_out: 20817006148757252271829450019046991056
Time: 1778 | fib_out: 191542109201788913531289611034195933705
Time: 1782 | fib_out: 212359115350546165803119061053242924761
Time: 1786 | fib_out: 63618857631396615871034064655670647010
Time: 1790 | fib_out: 275977972981942781674153125708913571771
Time: 1794 | fib_out: 339596830613339397545187190364584218781
Time: 1798 | fib_out: 275292436674343715755965708641729579096
Time: 1802 | fib_out: 274606900366744649837778291574545586421
Time: 1806 | fib_out: 209616970120149902130369392784506954061
Time: 1810 | fib_out: 143941503565956088504773076927284329026
Time: 1814 | fib_out: 13276106765167527171767862280023071631
Time: 1818 | fib_out: 157217610331123615676540939207307400657
Time: 1822 | fib_out: 170493717096291142848308801487330472288
Time: 1826 | fib_out: 327711327427414758524849740694637872945
Time: 1830 | fib_out: 157922677602767437909783934750200133777
Time: 1834 | fib_out: 145351638109243732971259068013069795266
Time: 1838 | fib_out: 303274315712011170881043002763269929043
Time: 1842 | fib_out: 108343586900316440388927463344571512853
Time: 1846 | fib_out: 71335535691389147806595858676073230440
Time: 1850 | fib_out: 179679122591705588195523322020644743293
Time: 1854 | fib_out: 251014658283094736002119180696717973733
Time: 1858 | fib_out: 90411413953861860734267895285594505570
Time: 1862 | fib_out: 1143705316018133273012468550544267847
Time: 1866 | fib_out: 91555119269879994007280363836138773417
Time: 1870 | fib_out: 92698824585898127280292832386683041264
Time: 1874 | fib_out: 184253943855778121287573196222821814681
Time: 1878 | fib_out: 276952768441676248567866028609504855945
Time: 1882 | fib_out: 120924345376515906392064617400558459170
Time: 1886 | fib_out: 57594746897253691496556038578295103659
Time: 1890 | fib_out: 178519092273769597888620655978853562829
Time: 1894 | fib_out: 236113839171023289385176694557148666488
Time: 1898 | fib_out: 74350564523854423810422743104234017861
Time: 1902 | fib_out: 310464403694877713195599437661382684349
Time: 1906 | fib_out: 44532601297793673542647573333848490754
Time: 1910 | fib_out: 14714638071732923274872403563462963647
Time: 1914 | fib_out: 59247239369526596817519976897311454401
Time: 1918 | fib_out: 73961877441259520092392380460774418048
Time: 1922 | fib_out: 133209116810786116909912357358085872449
Time: 1926 | fib_out: 207170994252045637002304737818860290497
Time: 1930 | fib_out: 97744141893290448842487745177951490
Time: 1934 | fib_out: 207268738393938927451147225564038241987
Time: 1938 | fib_out: 207366482535832217899989713309216193477
Time: 1942 | fib_out: 74352854008832681887762331441486224008
Time: 1946 | fib_out: 281719336544664899787752044750702417485
Time: 1950 | fib_out: 15789823632559118212139768760420430037
Time: 1954 | fib_out: 297509160177224017999891813511122847522
Time: 1958 | fib_out: 313298983809783136212031582271543277559
Time: 1962 | fib_out: 270525777066068690748548788350897913625
Time: 1966 | fib_out: 243542393954913363497205763190672979728
Time: 1970 | fib_out: 173785804100043590782379944109802681897
Time: 1974 | fib_out: 77045831134018490816211099868707450169
Time: 1978 | fib_out: 250831635234062081598591043978510132066
Time: 1982 | fib_out: 327877466368080572414802143847217582235
Time: 1986 | fib_out: 238426734681204190550018580393959502845
Time: 1990 | fib_out: 226021834128346299501446116809408873624
Time: 1994 | fib_out: 124166201888612026588090089771600165013
Time: 1998 | fib_out: 9905669096019862626161599149240827181
$finish called from file "/home/lorenzo9/Documents/ChipForge/fib/sim/../hvl/top_tb.sv", line 24.
$finish at simulation time                 2000
           V C S   S i m u l a t i o n   R e p o r t 
Time: 2000 ns
CPU Time:      0.350 seconds;       Data structure size:   0.0Mb
Mon Feb 24 17:12:01 2025
