version: (200506)

available memory: 64M bytes
used memory: 155648 bytes [need 152K bytes if disable swap]

used block: 5 [memory(5) file(0)]
                 [ 8K(3) 64K(2) { total 152K bytes } ]
overhead: (9514) bytes for (5) blocks [Average: (1902) bytes/block]

write  => 0(times) 0K(bytes) [0K bytes to file]
read   => 2(times) 12K(bytes) [3K bytes compressed data from file]
access => 236278(times) 1852M(bytes)
          [hit ratio: 99.9992%]

time: write(0) read(0)  unit: second

swap file directory: (/home/lorenzo9/Documents/ChipForge/verification/sim/verdi/verdiLog)
used swap file number: (3)



swap file manager:
arrSize: (256)
idxCnt: (4)
closeHead: (1)
closeTail: (3)
openCnt: (3)
fid(3): fd(1073741825) fileName(/home/lorenzo9/Documents/ChipForge/verification/sim/sim/top_tb.daidir/kdb.elab++/work.lib++/memory.sv.tdc)
	size(1679) lastModTime(1738012337) curModTime(1738012337)
	mode(rb)	hot(0) cool(2) pos(0)
fid(2): fd(24) fileName(/home/lorenzo9/Documents/ChipForge/verification/sim/verdi/verdiLog/_swap_0001#-135742045#88366)
	size(0) lastModTime(0) curModTime(1738012458)
	mode(w+b)	hot(3) cool(1) pos(0)
fid(1): fd(1073741824) fileName(/home/lorenzo9/Documents/ChipForge/verification/sim/sim/top_tb.daidir/kdb.elab++/work.lib++/top_tb.sv.tdc)
	size(3523) lastModTime(1738012337) curModTime(1738012337)
	mode(rb)	hot(2) cool(0) pos(0)
fid(0): fd(0) fileName(NULL)
	mode(NULL)	hot(0) cool(0) pos(0)
==================================================
mySelf(0x1edd0f00) pre(0x1ed5c4b0) next((nil))
version(200506)
date(Sep  2 2024 20:32:07)
